Analysis & Synthesis report for uart
Wed Apr 13 12:29:47 2016
Quartus II 64-Bit Version 13.0.0 Build 156 04/24/2013 SJ Full Version


---------------------
; Table of Contents ;
---------------------
  1. Legal Notice
  2. Analysis & Synthesis Summary
  3. Analysis & Synthesis Settings
  4. Parallel Compilation
  5. Analysis & Synthesis Source Files Read
  6. Analysis & Synthesis Resource Usage Summary
  7. Analysis & Synthesis Resource Utilization by Entity
  8. Registers Removed During Synthesis
  9. General Register Statistics
 10. Inverted Register Statistics
 11. Multiplexer Restructuring Statistics (Restructuring Performed)
 12. Source assignments for Top-level Entity: |uart_top
 13. Elapsed Time Per Partition
 14. Analysis & Synthesis Messages



----------------
; Legal Notice ;
----------------
Copyright (C) 1991-2013 Altera Corporation
Your use of Altera Corporation's design tools, logic functions 
and other software and tools, and its AMPP partner logic 
functions, and any output files from any of the foregoing 
(including device programming or simulation files), and any 
associated documentation or information are expressly subject 
to the terms and conditions of the Altera Program License 
Subscription Agreement, Altera MegaCore Function License 
Agreement, or other applicable license agreement, including, 
without limitation, that your use is for the sole purpose of 
programming logic devices manufactured by Altera and sold by 
Altera or its authorized distributors.  Please refer to the 
applicable agreement for further details.



+----------------------------------------------------------------------------------+
; Analysis & Synthesis Summary                                                     ;
+------------------------------------+---------------------------------------------+
; Analysis & Synthesis Status        ; Successful - Wed Apr 13 12:29:47 2016       ;
; Quartus II 64-Bit Version          ; 13.0.0 Build 156 04/24/2013 SJ Full Version ;
; Revision Name                      ; uart                                        ;
; Top-level Entity Name              ; uart_top                                    ;
; Family                             ; Cyclone II                                  ;
; Total logic elements               ; 105                                         ;
;     Total combinational functions  ; 90                                          ;
;     Dedicated logic registers      ; 70                                          ;
; Total registers                    ; 70                                          ;
; Total pins                         ; 4                                           ;
; Total virtual pins                 ; 0                                           ;
; Total memory bits                  ; 0                                           ;
; Embedded Multiplier 9-bit elements ; 0                                           ;
; Total PLLs                         ; 0                                           ;
+------------------------------------+---------------------------------------------+


+----------------------------------------------------------------------------------------------------------------------+
; Analysis & Synthesis Settings                                                                                        ;
+----------------------------------------------------------------------------+--------------------+--------------------+
; Option                                                                     ; Setting            ; Default Value      ;
+----------------------------------------------------------------------------+--------------------+--------------------+
; Device                                                                     ; EP2C8Q208C8        ;                    ;
; Top-level entity name                                                      ; uart_top           ; uart               ;
; Family name                                                                ; Cyclone II         ; Cyclone IV GX      ;
; Use smart compilation                                                      ; Off                ; Off                ;
; Enable parallel Assembler and TimeQuest Timing Analyzer during compilation ; On                 ; On                 ;
; Enable compact report table                                                ; Off                ; Off                ;
; Restructure Multiplexers                                                   ; Auto               ; Auto               ;
; Create Debugging Nodes for IP Cores                                        ; Off                ; Off                ;
; Preserve fewer node names                                                  ; On                 ; On                 ;
; Disable OpenCore Plus hardware evaluation                                  ; Off                ; Off                ;
; Verilog Version                                                            ; Verilog_2001       ; Verilog_2001       ;
; VHDL Version                                                               ; VHDL_1993          ; VHDL_1993          ;
; State Machine Processing                                                   ; Auto               ; Auto               ;
; Safe State Machine                                                         ; Off                ; Off                ;
; Extract Verilog State Machines                                             ; On                 ; On                 ;
; Extract VHDL State Machines                                                ; On                 ; On                 ;
; Ignore Verilog initial constructs                                          ; Off                ; Off                ;
; Iteration limit for constant Verilog loops                                 ; 5000               ; 5000               ;
; Iteration limit for non-constant Verilog loops                             ; 250                ; 250                ;
; Add Pass-Through Logic to Inferred RAMs                                    ; On                 ; On                 ;
; Infer RAMs from Raw Logic                                                  ; On                 ; On                 ;
; Parallel Synthesis                                                         ; On                 ; On                 ;
; DSP Block Balancing                                                        ; Auto               ; Auto               ;
; NOT Gate Push-Back                                                         ; On                 ; On                 ;
; Power-Up Don't Care                                                        ; On                 ; On                 ;
; Remove Redundant Logic Cells                                               ; Off                ; Off                ;
; Remove Duplicate Registers                                                 ; On                 ; On                 ;
; Ignore CARRY Buffers                                                       ; Off                ; Off                ;
; Ignore CASCADE Buffers                                                     ; Off                ; Off                ;
; Ignore GLOBAL Buffers                                                      ; Off                ; Off                ;
; Ignore ROW GLOBAL Buffers                                                  ; Off                ; Off                ;
; Ignore LCELL Buffers                                                       ; Off                ; Off                ;
; Ignore SOFT Buffers                                                        ; On                 ; On                 ;
; Limit AHDL Integers to 32 Bits                                             ; Off                ; Off                ;
; Optimization Technique                                                     ; Balanced           ; Balanced           ;
; Carry Chain Length                                                         ; 70                 ; 70                 ;
; Auto Carry Chains                                                          ; On                 ; On                 ;
; Auto Open-Drain Pins                                                       ; On                 ; On                 ;
; Perform WYSIWYG Primitive Resynthesis                                      ; Off                ; Off                ;
; Auto ROM Replacement                                                       ; On                 ; On                 ;
; Auto RAM Replacement                                                       ; On                 ; On                 ;
; Auto Shift Register Replacement                                            ; Auto               ; Auto               ;
; Allow Shift Register Merging across Hierarchies                            ; Auto               ; Auto               ;
; Auto Clock Enable Replacement                                              ; On                 ; On                 ;
; Strict RAM Replacement                                                     ; Off                ; Off                ;
; Allow Synchronous Control Signals                                          ; On                 ; On                 ;
; Force Use of Synchronous Clear Signals                                     ; Off                ; Off                ;
; Auto RAM to Logic Cell Conversion                                          ; Off                ; Off                ;
; Auto Resource Sharing                                                      ; Off                ; Off                ;
; Allow Any RAM Size For Recognition                                         ; Off                ; Off                ;
; Allow Any ROM Size For Recognition                                         ; Off                ; Off                ;
; Allow Any Shift Register Size For Recognition                              ; Off                ; Off                ;
; Use LogicLock Constraints during Resource Balancing                        ; On                 ; On                 ;
; Ignore translate_off and synthesis_off directives                          ; Off                ; Off                ;
; Timing-Driven Synthesis                                                    ; Off                ; Off                ;
; Report Parameter Settings                                                  ; On                 ; On                 ;
; Report Source Assignments                                                  ; On                 ; On                 ;
; Report Connectivity Checks                                                 ; On                 ; On                 ;
; Ignore Maximum Fan-Out Assignments                                         ; Off                ; Off                ;
; Synchronization Register Chain Length                                      ; 2                  ; 2                  ;
; PowerPlay Power Optimization                                               ; Normal compilation ; Normal compilation ;
; HDL message level                                                          ; Level2             ; Level2             ;
; Suppress Register Optimization Related Messages                            ; Off                ; Off                ;
; Number of Removed Registers Reported in Synthesis Report                   ; 5000               ; 5000               ;
; Number of Swept Nodes Reported in Synthesis Report                         ; 5000               ; 5000               ;
; Number of Inverted Registers Reported in Synthesis Report                  ; 100                ; 100                ;
; Clock MUX Protection                                                       ; On                 ; On                 ;
; Auto Gated Clock Conversion                                                ; Off                ; Off                ;
; Block Design Naming                                                        ; Auto               ; Auto               ;
; SDC constraint protection                                                  ; Off                ; Off                ;
; Synthesis Effort                                                           ; Auto               ; Auto               ;
; Shift Register Replacement - Allow Asynchronous Clear Signal               ; On                 ; On                 ;
; Pre-Mapping Resynthesis Optimization                                       ; Off                ; Off                ;
; Analysis & Synthesis Message Level                                         ; Medium             ; Medium             ;
; Disable Register Merging Across Hierarchies                                ; Auto               ; Auto               ;
; Resource Aware Inference For Block RAM                                     ; On                 ; On                 ;
; Synthesis Seed                                                             ; 1                  ; 1                  ;
+----------------------------------------------------------------------------+--------------------+--------------------+


+------------------------------------------+
; Parallel Compilation                     ;
+----------------------------+-------------+
; Processors                 ; Number      ;
+----------------------------+-------------+
; Number detected on machine ; 4           ;
; Maximum allowed            ; 2           ;
;                            ;             ;
; Average used               ; 1.00        ;
; Maximum used               ; 1           ;
;                            ;             ;
; Usage by Processor         ; % Time Used ;
;     Processor 1            ; 100.0%      ;
;     Processors 2-4         ;   0.0%      ;
+----------------------------+-------------+


+----------------------------------------------------------------------------------------------------------------------------------------------+
; Analysis & Synthesis Source Files Read                                                                                                       ;
+----------------------------------+-----------------+------------------------+------------------------------------------------------+---------+
; File Name with User-Entered Path ; Used in Netlist ; File Type              ; File Name with Absolute Path                         ; Library ;
+----------------------------------+-----------------+------------------------+------------------------------------------------------+---------+
; ../design/uart_tx.v              ; yes             ; User Verilog HDL File  ; D:/FPGA/altera13.0project/UART/design/uart_tx.v      ;         ;
; ../design/uart_top.v             ; yes             ; User Verilog HDL File  ; D:/FPGA/altera13.0project/UART/design/uart_top.v     ;         ;
; ../design/uart_rx.v              ; yes             ; User Verilog HDL File  ; D:/FPGA/altera13.0project/UART/design/uart_rx.v      ;         ;
; ../design/speed_select.v         ; yes             ; User Verilog HDL File  ; D:/FPGA/altera13.0project/UART/design/speed_select.v ;         ;
+----------------------------------+-----------------+------------------------+------------------------------------------------------+---------+


+-----------------------------------------------------+
; Analysis & Synthesis Resource Usage Summary         ;
+---------------------------------------------+-------+
; Resource                                    ; Usage ;
+---------------------------------------------+-------+
; Estimated Total logic elements              ; 105   ;
;                                             ;       ;
; Total combinational functions               ; 90    ;
; Logic element usage by number of LUT inputs ;       ;
;     -- 4 input functions                    ; 46    ;
;     -- 3 input functions                    ; 4     ;
;     -- <=2 input functions                  ; 40    ;
;                                             ;       ;
; Logic elements by mode                      ;       ;
;     -- normal mode                          ; 66    ;
;     -- arithmetic mode                      ; 24    ;
;                                             ;       ;
; Total registers                             ; 70    ;
;     -- Dedicated logic registers            ; 70    ;
;     -- I/O registers                        ; 0     ;
;                                             ;       ;
; I/O pins                                    ; 4     ;
; Embedded Multiplier 9-bit elements          ; 0     ;
; Maximum fan-out node                        ; clk   ;
; Maximum fan-out                             ; 70    ;
; Total fan-out                               ; 519   ;
; Average fan-out                             ; 3.16  ;
+---------------------------------------------+-------+


+-----------------------------------------------------------------------------------------------------------------------------------------------------------------------------------------+
; Analysis & Synthesis Resource Utilization by Entity                                                                                                                                     ;
+----------------------------+-------------------+--------------+-------------+--------------+---------+-----------+------+--------------+---------------------------------+--------------+
; Compilation Hierarchy Node ; LC Combinationals ; LC Registers ; Memory Bits ; DSP Elements ; DSP 9x9 ; DSP 18x18 ; Pins ; Virtual Pins ; Full Hierarchy Name             ; Library Name ;
+----------------------------+-------------------+--------------+-------------+--------------+---------+-----------+------+--------------+---------------------------------+--------------+
; |uart_top                  ; 90 (8)            ; 70 (0)       ; 0           ; 0            ; 0       ; 0         ; 4    ; 0            ; |uart_top                       ;              ;
;    |speed_select:speed_rx| ; 21 (21)           ; 14 (14)      ; 0           ; 0            ; 0       ; 0         ; 0    ; 0            ; |uart_top|speed_select:speed_rx ;              ;
;    |speed_select:speed_tx| ; 21 (21)           ; 14 (14)      ; 0           ; 0            ; 0       ; 0         ; 0    ; 0            ; |uart_top|speed_select:speed_tx ;              ;
;    |uart_rx:uart_rx_inst|  ; 24 (24)           ; 25 (25)      ; 0           ; 0            ; 0       ; 0         ; 0    ; 0            ; |uart_top|uart_rx:uart_rx_inst  ;              ;
;    |uart_tx:uart_tx_inst|  ; 16 (16)           ; 17 (17)      ; 0           ; 0            ; 0       ; 0         ; 0    ; 0            ; |uart_top|uart_tx:uart_tx_inst  ;              ;
+----------------------------+-------------------+--------------+-------------+--------------+---------+-----------+------+--------------+---------------------------------+--------------+
Note: For table entries with two numbers listed, the numbers in parentheses indicate the number of resources of the given type used by the specific entity alone. The numbers listed outside of parentheses indicate the total resources of the given type used by the specific entity and all of its sub-entities in the hierarchy.


+--------------------------------------------------------------------------------------+
; Registers Removed During Synthesis                                                   ;
+---------------------------------------+----------------------------------------------+
; Register name                         ; Reason for Removal                           ;
+---------------------------------------+----------------------------------------------+
; uart_rx:uart_rx_inst|rx_int           ; Merged with uart_rx:uart_rx_inst|bps_start_r ;
; Total Number of Removed Registers = 1 ;                                              ;
+---------------------------------------+----------------------------------------------+


+------------------------------------------------------+
; General Register Statistics                          ;
+----------------------------------------------+-------+
; Statistic                                    ; Value ;
+----------------------------------------------+-------+
; Total registers                              ; 70    ;
; Number of registers using Synchronous Clear  ; 26    ;
; Number of registers using Synchronous Load   ; 0     ;
; Number of registers using Asynchronous Clear ; 69    ;
; Number of registers using Asynchronous Load  ; 0     ;
; Number of registers using Clock Enable       ; 17    ;
; Number of registers using Preset             ; 0     ;
+----------------------------------------------+-------+


+--------------------------------------------------+
; Inverted Register Statistics                     ;
+----------------------------------------+---------+
; Inverted Register                      ; Fan out ;
+----------------------------------------+---------+
; uart_tx:uart_tx_inst|rs232_tx_r        ; 2       ;
; Total number of inverted registers = 1 ;         ;
+----------------------------------------+---------+


+-----------------------------------------------------------------------------------------------------------------------------------------------------+
; Multiplexer Restructuring Statistics (Restructuring Performed)                                                                                      ;
+--------------------+-----------+---------------+----------------------+------------------------+------------+---------------------------------------+
; Multiplexer Inputs ; Bus Width ; Baseline Area ; Area if Restructured ; Saving if Restructured ; Registered ; Example Multiplexer Output            ;
+--------------------+-----------+---------------+----------------------+------------------------+------------+---------------------------------------+
; 3:1                ; 4 bits    ; 8 LEs         ; 4 LEs                ; 4 LEs                  ; Yes        ; |uart_top|uart_tx:uart_tx_inst|num[3] ;
; 3:1                ; 4 bits    ; 8 LEs         ; 4 LEs                ; 4 LEs                  ; Yes        ; |uart_top|uart_rx:uart_rx_inst|num[1] ;
+--------------------+-----------+---------------+----------------------+------------------------+------------+---------------------------------------+


+----------------------------------------------------------+
; Source assignments for Top-level Entity: |uart_top       ;
+------------------------------+-------+------+------------+
; Assignment                   ; Value ; From ; To         ;
+------------------------------+-------+------+------------+
; IGNORE_LCELL_BUFFERS         ; off   ; -    ; rx_data[7] ;
; REMOVE_REDUNDANT_LOGIC_CELLS ; off   ; -    ; rx_data[7] ;
; IGNORE_LCELL_BUFFERS         ; off   ; -    ; rx_data[6] ;
; REMOVE_REDUNDANT_LOGIC_CELLS ; off   ; -    ; rx_data[6] ;
; IGNORE_LCELL_BUFFERS         ; off   ; -    ; rx_data[5] ;
; REMOVE_REDUNDANT_LOGIC_CELLS ; off   ; -    ; rx_data[5] ;
; IGNORE_LCELL_BUFFERS         ; off   ; -    ; rx_data[4] ;
; REMOVE_REDUNDANT_LOGIC_CELLS ; off   ; -    ; rx_data[4] ;
; IGNORE_LCELL_BUFFERS         ; off   ; -    ; rx_data[3] ;
; REMOVE_REDUNDANT_LOGIC_CELLS ; off   ; -    ; rx_data[3] ;
; IGNORE_LCELL_BUFFERS         ; off   ; -    ; rx_data[2] ;
; REMOVE_REDUNDANT_LOGIC_CELLS ; off   ; -    ; rx_data[2] ;
; IGNORE_LCELL_BUFFERS         ; off   ; -    ; rx_data[1] ;
; REMOVE_REDUNDANT_LOGIC_CELLS ; off   ; -    ; rx_data[1] ;
; IGNORE_LCELL_BUFFERS         ; off   ; -    ; rx_data[0] ;
; REMOVE_REDUNDANT_LOGIC_CELLS ; off   ; -    ; rx_data[0] ;
+------------------------------+-------+------+------------+


+-------------------------------+
; Elapsed Time Per Partition    ;
+----------------+--------------+
; Partition Name ; Elapsed Time ;
+----------------+--------------+
; Top            ; 00:00:01     ;
+----------------+--------------+


+-------------------------------+
; Analysis & Synthesis Messages ;
+-------------------------------+
Info: *******************************************************************
Info: Running Quartus II 64-Bit Analysis & Synthesis
    Info: Version 13.0.0 Build 156 04/24/2013 SJ Full Version
    Info: Processing started: Wed Apr 13 12:29:44 2016
Info: Command: quartus_map --read_settings_files=on --write_settings_files=off uart -c uart
Info (11104): Parallel Compilation has detected 4 hyper-threaded processors. However, the extra hyper-threaded processors will not be used by default. Parallel Compilation will use 2 of the 2 physical processors detected instead.
Info (12021): Found 1 design units, including 1 entities, in source file /fpga/altera13.0project/uart/design/uart_tx.v
    Info (12023): Found entity 1: uart_tx
Info (12021): Found 1 design units, including 1 entities, in source file /fpga/altera13.0project/uart/design/uart_top.v
    Info (12023): Found entity 1: uart_top
Info (12021): Found 1 design units, including 1 entities, in source file /fpga/altera13.0project/uart/design/uart_rx.v
    Info (12023): Found entity 1: uart_rx
Info (12021): Found 1 design units, including 1 entities, in source file /fpga/altera13.0project/uart/design/speed_select.v
    Info (12023): Found entity 1: speed_select
Info (12127): Elaborating entity "uart_top" for the top level hierarchy
Info (12128): Elaborating entity "speed_select" for hierarchy "speed_select:speed_rx"
Info (12128): Elaborating entity "uart_rx" for hierarchy "uart_rx:uart_rx_inst"
Info (12128): Elaborating entity "uart_tx" for hierarchy "uart_tx:uart_tx_inst"
Info (13000): Registers with preset signals will power-up high
Info (13003): DEV_CLRn pin will set, and not reset, register with preset signal due to NOT Gate Push-Back
Info (17016): Found the following redundant logic cells in design
    Info (17048): Logic cell "rx_data[5]"
    Info (17048): Logic cell "rx_data[4]"
    Info (17048): Logic cell "rx_data[3]"
    Info (17048): Logic cell "rx_data[6]"
    Info (17048): Logic cell "rx_data[7]"
    Info (17048): Logic cell "rx_data[2]"
    Info (17048): Logic cell "rx_data[0]"
    Info (17048): Logic cell "rx_data[1]"
Info (16010): Generating hard_block partition "hard_block:auto_generated_inst"
    Info (16011): Adding 0 node(s), including 0 DDIO, 0 PLL, 0 transceiver and 0 LCELL
Info (21057): Implemented 109 device resources after synthesis - the final resource count might be different
    Info (21058): Implemented 3 input pins
    Info (21059): Implemented 1 output pins
    Info (21061): Implemented 105 logic cells
Info: Quartus II 64-Bit Analysis & Synthesis was successful. 0 errors, 0 warnings
    Info: Peak virtual memory: 433 megabytes
    Info: Processing ended: Wed Apr 13 12:29:47 2016
    Info: Elapsed time: 00:00:03
    Info: Total CPU time (on all processors): 00:00:02


